d:\online_star_rail\online_star_rail\x64\debug\vc143.pdb
d:\online_star_rail\online_star_rail\x64\debug\vc143.idb
d:\online_star_rail\online_star_rail\x64\debug\ssl.obj
d:\online_star_rail\online_star_rail\x64\debug\online_star_rail.obj
d:\online_star_rail\online_star_rail\x64\debug\menu.obj
d:\online_star_rail\online_star_rail\x64\debug\data.obj
d:\online_star_rail\online_star_rail\x64\debug\socket.obj
d:\online_star_rail\online_star_rail\x64\debug\game.pb.obj
d:\online_star_rail\online_star_rail\x64\debug\protobuf.obj
d:\online_star_rail\online_star_rail\x64\debug\connect_manager.obj
d:\online_star_rail\online_star_rail\x64\debug\characters.obj
d:\online_star_rail\online_star_rail\x64\debug\auth.obj
d:\online_star_rail\x64\debug\online_star_rail.exe
d:\online_star_rail\x64\debug\online_star_rail.pdb
d:\online_star_rail\online_star_rail\x64\debug\online_star_rail.ilk
d:\online_star_rail\online_star_rail\x64\debug\online_star_rail.tlog\cl.command.1.tlog
d:\online_star_rail\online_star_rail\x64\debug\online_star_rail.tlog\cl.items.tlog
d:\online_star_rail\online_star_rail\x64\debug\online_star_rail.tlog\cl.read.1.tlog
d:\online_star_rail\online_star_rail\x64\debug\online_star_rail.tlog\cl.write.1.tlog
d:\online_star_rail\online_star_rail\x64\debug\online_star_rail.tlog\link.command.1.tlog
d:\online_star_rail\online_star_rail\x64\debug\online_star_rail.tlog\link.read.1.tlog
d:\online_star_rail\online_star_rail\x64\debug\online_star_rail.tlog\link.secondary.1.tlog
d:\online_star_rail\online_star_rail\x64\debug\online_star_rail.tlog\link.write.1.tlog
